Epoch 0/24
----------
train Loss: 1.1014 Acc: 0.4103
val Loss: 0.9428 Acc: 0.5459
test Loss: 0.9669 Acc: 0.4895

Epoch 1/24
----------
train Loss: 0.9922 Acc: 0.4894
val Loss: 0.8128 Acc: 0.6457
test Loss: 0.8443 Acc: 0.5842

Epoch 2/24
----------
train Loss: 0.8470 Acc: 0.6056
val Loss: 0.8755 Acc: 0.5853
test Loss: 0.9265 Acc: 0.5895

Epoch 3/24
----------
train Loss: 0.7219 Acc: 0.6840
val Loss: 0.6713 Acc: 0.7297
test Loss: 0.6621 Acc: 0.7158

Epoch 4/24
----------
train Loss: 0.5952 Acc: 0.7466
val Loss: 0.7478 Acc: 0.6693
test Loss: 0.7922 Acc: 0.6684

Epoch 5/24
----------
train Loss: 0.5118 Acc: 0.7903
val Loss: 1.4231 Acc: 0.5879
test Loss: 1.4671 Acc: 0.5684

Epoch 6/24
----------
train Loss: 0.4496 Acc: 0.8258
val Loss: 1.0251 Acc: 0.6535
test Loss: 1.0017 Acc: 0.6421

Epoch 7/24
----------
train Loss: 0.2821 Acc: 0.9012
val Loss: 0.5891 Acc: 0.7769
test Loss: 0.5767 Acc: 0.7789

Epoch 8/24
----------
train Loss: 0.2226 Acc: 0.9276
val Loss: 0.5836 Acc: 0.7717
test Loss: 0.5692 Acc: 0.7526

Epoch 9/24
----------
train Loss: 0.2475 Acc: 0.9163
val Loss: 0.5739 Acc: 0.7612
test Loss: 0.5585 Acc: 0.7737

Epoch 10/24
----------
train Loss: 0.2181 Acc: 0.9284
val Loss: 0.5612 Acc: 0.7822
test Loss: 0.5389 Acc: 0.7789

Epoch 11/24
----------
train Loss: 0.2136 Acc: 0.9170
val Loss: 0.5282 Acc: 0.7900
test Loss: 0.4902 Acc: 0.8158

Epoch 12/24
----------
train Loss: 0.2138 Acc: 0.9314
val Loss: 0.5549 Acc: 0.7690
test Loss: 0.5359 Acc: 0.8053

Epoch 13/24
----------
train Loss: 0.2023 Acc: 0.9419
val Loss: 0.5701 Acc: 0.7664
test Loss: 0.5303 Acc: 0.8000

Epoch 14/24
----------
train Loss: 0.1926 Acc: 0.9359
val Loss: 0.5663 Acc: 0.7848
test Loss: 0.5314 Acc: 0.8000

Epoch 15/24
----------
train Loss: 0.1743 Acc: 0.9495
val Loss: 0.5530 Acc: 0.7795
test Loss: 0.5104 Acc: 0.8158

Epoch 16/24
----------
train Loss: 0.1776 Acc: 0.9382
val Loss: 0.5592 Acc: 0.7717
test Loss: 0.5172 Acc: 0.7947

Epoch 17/24
----------
train Loss: 0.1916 Acc: 0.9374
val Loss: 0.5591 Acc: 0.7743
test Loss: 0.5197 Acc: 0.8263

Epoch 18/24
----------
train Loss: 0.1775 Acc: 0.9419
val Loss: 0.5236 Acc: 0.7717
test Loss: 0.4863 Acc: 0.8421

Epoch 19/24
----------
train Loss: 0.1851 Acc: 0.9397
val Loss: 0.5653 Acc: 0.7795
test Loss: 0.5408 Acc: 0.8105

Epoch 20/24
----------
train Loss: 0.1902 Acc: 0.9434
val Loss: 0.5765 Acc: 0.7743
test Loss: 0.5302 Acc: 0.8263

Epoch 21/24
----------
train Loss: 0.2005 Acc: 0.9374
val Loss: 0.5234 Acc: 0.7874
test Loss: 0.4934 Acc: 0.8316

Epoch 22/24
----------
train Loss: 0.1877 Acc: 0.9367
val Loss: 0.5326 Acc: 0.7690
test Loss: 0.5201 Acc: 0.8211

Epoch 23/24
----------
train Loss: 0.1543 Acc: 0.9548
val Loss: 0.5407 Acc: 0.7664
test Loss: 0.5103 Acc: 0.8316

Epoch 24/24
----------
train Loss: 0.1773 Acc: 0.9434
val Loss: 0.5250 Acc: 0.7769
test Loss: 0.4988 Acc: 0.8211

Training complete in 8m 31s
Best val Acc: 0.790026
