Epoch 0/24
----------
train Loss: 1.1875 Acc: 0.4012
val Loss: 1.1800 Acc: 0.4173
test Loss: 1.1984 Acc: 0.3947

Epoch 1/24
----------
train Loss: 1.0978 Acc: 0.4962
val Loss: 0.9669 Acc: 0.5591
test Loss: 1.0869 Acc: 0.5368

Epoch 2/24
----------
train Loss: 0.9311 Acc: 0.5950
val Loss: 1.0398 Acc: 0.5696
test Loss: 1.0311 Acc: 0.5526

Epoch 3/24
----------
train Loss: 0.7816 Acc: 0.6629
val Loss: 0.8300 Acc: 0.7192
test Loss: 0.8706 Acc: 0.6368

Epoch 4/24
----------
train Loss: 0.7049 Acc: 0.7097
val Loss: 1.6297 Acc: 0.4777
test Loss: 1.7919 Acc: 0.4789

Epoch 5/24
----------
train Loss: 0.6337 Acc: 0.7436
val Loss: 0.9981 Acc: 0.6772
test Loss: 1.2843 Acc: 0.5579

Epoch 6/24
----------
train Loss: 0.4886 Acc: 0.8152
val Loss: 1.1360 Acc: 0.6378
test Loss: 1.2700 Acc: 0.6368

Epoch 7/24
----------
train Loss: 0.3028 Acc: 0.8906
val Loss: 0.6303 Acc: 0.7533
test Loss: 0.7123 Acc: 0.7158

Epoch 8/24
----------
train Loss: 0.2099 Acc: 0.9306
val Loss: 0.6062 Acc: 0.7664
test Loss: 0.7195 Acc: 0.7211

Epoch 9/24
----------
train Loss: 0.2109 Acc: 0.9367
val Loss: 0.5831 Acc: 0.7848
test Loss: 0.6513 Acc: 0.7421

Epoch 10/24
----------
train Loss: 0.1740 Acc: 0.9382
val Loss: 0.5875 Acc: 0.7743
test Loss: 0.6871 Acc: 0.7632

Epoch 11/24
----------
train Loss: 0.1583 Acc: 0.9525
val Loss: 0.6458 Acc: 0.7480
test Loss: 0.7232 Acc: 0.7579

Epoch 12/24
----------
train Loss: 0.1745 Acc: 0.9434
val Loss: 0.6520 Acc: 0.7507
test Loss: 0.7174 Acc: 0.7526

Epoch 13/24
----------
train Loss: 0.1612 Acc: 0.9578
val Loss: 0.6067 Acc: 0.7822
test Loss: 0.7067 Acc: 0.7579

Epoch 14/24
----------
train Loss: 0.1540 Acc: 0.9502
val Loss: 0.6247 Acc: 0.7874
test Loss: 0.7157 Acc: 0.7842

Epoch 15/24
----------
train Loss: 0.1482 Acc: 0.9525
val Loss: 0.5923 Acc: 0.7874
test Loss: 0.6480 Acc: 0.7947

Epoch 16/24
----------
train Loss: 0.1087 Acc: 0.9736
val Loss: 0.6502 Acc: 0.7585
test Loss: 0.6575 Acc: 0.7579

Epoch 17/24
----------
train Loss: 0.1537 Acc: 0.9517
val Loss: 0.6113 Acc: 0.7795
test Loss: 0.6613 Acc: 0.7579

Epoch 18/24
----------
train Loss: 0.1223 Acc: 0.9630
val Loss: 0.6068 Acc: 0.7927
test Loss: 0.6460 Acc: 0.7842

Epoch 19/24
----------
train Loss: 0.1629 Acc: 0.9449
val Loss: 0.6273 Acc: 0.7612
test Loss: 0.6500 Acc: 0.7632

Epoch 20/24
----------
train Loss: 0.1114 Acc: 0.9683
val Loss: 0.6595 Acc: 0.7769
test Loss: 0.7001 Acc: 0.7579

Epoch 21/24
----------
train Loss: 0.1440 Acc: 0.9563
val Loss: 0.6281 Acc: 0.7690
test Loss: 0.6839 Acc: 0.7579

Epoch 22/24
----------
train Loss: 0.1294 Acc: 0.9691
val Loss: 0.6119 Acc: 0.7953
test Loss: 0.7248 Acc: 0.7579

Epoch 23/24
----------
train Loss: 0.1221 Acc: 0.9661
val Loss: 0.6090 Acc: 0.7874
test Loss: 0.6896 Acc: 0.7737

Epoch 24/24
----------
train Loss: 0.1296 Acc: 0.9615
val Loss: 0.6166 Acc: 0.7717
test Loss: 0.6623 Acc: 0.7632

Training complete in 8m 25s
Best val Acc: 0.795276
